<?xml version="1.0" encoding="UTF-8"?>
<!-- Generated by org.testng.reporters.JUnitReportReporter -->
<testsuite skipped="4" hostname="AucSoft-PC" name="winAdmin.Supplier" tests="5" failures="0" timestamp="24 Nov 2018 06:58:35 GMT" time="83.240" errors="0">
  <testcase name="Excegution" time="83.240" classname="winAdmin.Supplier"/>
  <testcase name="CreateAuction" classname="winAdmin.Supplier">
    <skipped/>
  </testcase> <!-- CreateAuction -->
  <testcase name="AddProduct" classname="winAdmin.Supplier">
    <skipped/>
  </testcase> <!-- AddProduct -->
  <testcase name="loginadmin" classname="winAdmin.Supplier">
    <skipped/>
  </testcase> <!-- loginadmin -->
  <testcase name="AddSupplier" classname="winAdmin.Supplier">
    <skipped/>
  </testcase> <!-- AddSupplier -->
</testsuite> <!-- winAdmin.Supplier -->
